<?xml version="1.0" encoding="UTF-8"?>
<testng-results ignored="0" total="1" passed="1" failed="0" skipped="0">
  <reporter-output>
  </reporter-output>
  <suite started-at="2023-02-21T01:21:37 EST" name="Default suite" finished-at="2023-02-21T01:21:42 EST" duration-ms="4444">
    <groups>
    </groups>
    <test started-at="2023-02-21T01:21:37 EST" name="Default test" finished-at="2023-02-21T01:21:42 EST" duration-ms="4444">
      <class name="selenium.TC_login">
        <test-method signature="login_Test()[pri:0, instance:selenium.TC_login@1d2adfbe]" started-at="2023-02-21T01:21:37 EST" name="login_Test" finished-at="2023-02-21T01:21:42 EST" duration-ms="4420" status="PASS">
          <reporter-output>
          </reporter-output>
        </test-method> <!-- login_Test -->
      </class> <!-- selenium.TC_login -->
    </test> <!-- Default test -->
  </suite> <!-- Default suite -->
</testng-results>
